<?xml version="1.0" encoding="utf-8"?><testsuites name="pytest tests"><testsuite name="pytest" errors="0" failures="1" skipped="0" tests="7" time="50.839" timestamp="2026-04-24T20:52:06.671275+00:00" hostname="agent-env-6d0433be-8143-449f-8896-8633c77d8016"><testcase classname="backend.tests.test_openframe_api" name="test_health" time="7.887" /><testcase classname="backend.tests.test_openframe_api.TestParseCobol" name="test_parse_valid_copybook" time="19.621" /><testcase classname="backend.tests.test_openframe_api.TestParseCobol" name="test_parse_rejects_short_input" time="0.064" /><testcase classname="backend.tests.test_openframe_api.TestMapSchema" name="test_map_postgres" time="8.499"><failure message="AssertionError: assert 'test_customers' == 'TEST_customers'&#10;  &#10;  - TEST_customers&#10;  + test_customers">backend/tests/test_openframe_api.py:96: in test_map_postgres
    assert data["table_name"] == "TEST_customers"
E   AssertionError: assert 'test_customers' == 'TEST_customers'
E     
E     - TEST_customers
E     + test_customers</failure></testcase><testcase classname="backend.tests.test_openframe_api.TestPipelineRun" name="test_run_and_persist" time="0.063" /><testcase classname="backend.tests.test_openframe_api.TestPipelineRun" name="test_runs_list_and_no_mongo_id_leak" time="0.059" /><testcase classname="backend.tests.test_openframe_api.TestValidateData" name="test_validate_sample" time="14.514" /></testsuite></testsuites>